2025-10-28 02:01:35.749 [Test worker] INFO  c.t.demo.DatabaseConnectionTest - Starting DatabaseConnectionTest using Java 21.0.7 with PID 29328 (started by LENOVO in C:\Users\LENOVO\Documents\utp\ciclo7\integrador\demo (1)\demo)
2025-10-28 02:01:35.750 [Test worker] DEBUG c.t.demo.DatabaseConnectionTest - Running with Spring Boot v3.5.6, Spring v6.2.11
2025-10-28 02:01:35.752 [Test worker] INFO  c.t.demo.DatabaseConnectionTest - No active profile set, falling back to 1 default profile: "default"
2025-10-28 02:01:36.759 [Test worker] INFO  o.s.d.r.c.RepositoryConfigurationDelegate - Bootstrapping Spring Data JPA repositories in DEFAULT mode.
2025-10-28 02:01:36.855 [Test worker] INFO  o.s.d.r.c.RepositoryConfigurationDelegate - Finished Spring Data repository scanning in 85 ms. Found 8 JPA repository interfaces.
2025-10-28 02:01:38.420 [Test worker] INFO  o.s.o.j.p.SpringPersistenceUnitInfo - No LoadTimeWeaver setup: ignoring JPA class transformer
2025-10-28 02:01:38.474 [Test worker] INFO  com.zaxxer.hikari.HikariDataSource - HikariPool-1 - Starting...
2025-10-28 02:01:38.768 [Test worker] INFO  com.zaxxer.hikari.pool.HikariPool - HikariPool-1 - Added connection org.postgresql.jdbc.PgConnection@2e0163cb
2025-10-28 02:01:38.772 [Test worker] INFO  com.zaxxer.hikari.HikariDataSource - HikariPool-1 - Start completed.
2025-10-28 02:01:38.900 [Test worker] DEBUG o.h.t.d.sql.spi.DdlTypeRegistry - addDescriptor(2003, org.hibernate.type.descriptor.sql.internal.ArrayDdlTypeImpl@73aae7a) replaced previous registration(org.hibernate.type.descriptor.sql.internal.ArrayDdlTypeImpl@3856d0cb)
2025-10-28 02:01:38.901 [Test worker] DEBUG o.h.t.d.sql.spi.DdlTypeRegistry - addDescriptor(6, org.hibernate.type.descriptor.sql.internal.CapacityDependentDdlType@1c8e2850) replaced previous registration(org.hibernate.type.descriptor.sql.internal.DdlTypeImpl@50ac1249)
2025-10-28 02:01:42.636 [Test worker] INFO  o.s.o.j.LocalContainerEntityManagerFactoryBean - Initialized JPA EntityManagerFactory for persistence unit 'default'
2025-10-28 02:01:43.353 [Test worker] WARN  o.s.b.a.o.j.JpaBaseConfiguration$JpaWebConfiguration - spring.jpa.open-in-view is enabled by default. Therefore, database queries may be performed during view rendering. Explicitly configure spring.jpa.open-in-view to disable this warning
2025-10-28 02:01:43.413 [Test worker] INFO  o.s.b.a.w.s.WelcomePageHandlerMapping - Adding welcome page template: index
2025-10-28 02:01:43.763 [Test worker] INFO  o.s.s.c.a.a.c.InitializeUserDetailsBeanManagerConfigurer$InitializeUserDetailsManagerConfigurer - Global AuthenticationManager configured with UserDetailsService bean with name userDetailsServiceImpl
2025-10-28 02:01:44.541 [Test worker] INFO  c.t.demo.DatabaseConnectionTest - Started DatabaseConnectionTest in 9.332 seconds (process running for 11.03)
2025-10-28 02:01:44.548 [Test worker] INFO  com.travel4u.demo.DemoApplication - --- [STARTUP] Verificando cuenta de administrador ---
2025-10-28 02:01:44.801 [Test worker] DEBUG org.hibernate.SQL - 
    select
        u1_0.id_usuario,
        u1_0.activo,
        u1_0.apellidos,
        u1_0.email,
        u1_0.fecha_registro,
        u1_0.nombres,
        u1_0.password,
        u1_0.rol,
        u1_0.telefono 
    from
        usuarios u1_0 
    where
        u1_0.email=?
2025-10-28 02:01:44.846 [Test worker] INFO  com.travel4u.demo.DemoApplication - ✓ Usuario 'admin@travel4u.com' ya existe. Verificando contraseña...
2025-10-28 02:01:44.847 [Test worker] INFO  com.travel4u.demo.DemoApplication -   ✓ ¡ÉXITO! La contraseña '1234' es correcta para el usuario 'admin@travel4u.com'.
2025-10-28 02:01:44.848 [Test worker] INFO  com.travel4u.demo.DemoApplication -   ✓ El usuario está ACTIVO.
2025-10-28 02:01:44.849 [Test worker] INFO  com.travel4u.demo.DemoApplication - --- [STARTUP] Verificación de cuenta de administrador finalizada ---
2025-10-28 02:01:45.739 [Test worker] DEBUG org.hibernate.SQL - 
    insert 
    into
        usuarios
        (activo, apellidos, email, fecha_registro, nombres, password, rol, telefono) 
    values
        (?, ?, ?, ?, ?, ?, ?, ?)
2025-10-28 02:01:45.777 [Test worker] WARN  o.h.e.jdbc.spi.SqlExceptionHelper - SQL Error: 0, SQLState: 23505
2025-10-28 02:01:45.777 [Test worker] ERROR o.h.e.jdbc.spi.SqlExceptionHelper - ERROR: duplicate key value violates unique constraint "usuarios_pkey"
  Detail: Key (id_usuario)=(2) already exists.
2025-10-28 02:01:45.885 [SpringApplicationShutdownHook] INFO  o.s.o.j.LocalContainerEntityManagerFactoryBean - Closing JPA EntityManagerFactory for persistence unit 'default'
2025-10-28 02:01:45.891 [SpringApplicationShutdownHook] INFO  com.zaxxer.hikari.HikariDataSource - HikariPool-1 - Shutdown initiated...
2025-10-28 02:01:45.908 [SpringApplicationShutdownHook] INFO  com.zaxxer.hikari.HikariDataSource - HikariPool-1 - Shutdown completed.
2025-10-29 23:35:48.841 [Test worker] INFO  c.t.d.r.c.ReservaControllerTest - Starting ReservaControllerTest using Java 21.0.7 with PID 27580 (started by LENOVO in C:\Users\LENOVO\Documents\utp\ciclo7\integrador\demo (1)\demo)
2025-10-29 23:35:48.843 [Test worker] DEBUG c.t.d.r.c.ReservaControllerTest - Running with Spring Boot v3.5.6, Spring v6.2.11
2025-10-29 23:35:48.844 [Test worker] INFO  c.t.d.r.c.ReservaControllerTest - No active profile set, falling back to 1 default profile: "default"
2025-10-29 23:35:49.567 [Test worker] INFO  o.s.d.r.c.RepositoryConfigurationDelegate - Bootstrapping Spring Data JPA repositories in DEFAULT mode.
2025-10-29 23:35:49.641 [Test worker] INFO  o.s.d.r.c.RepositoryConfigurationDelegate - Finished Spring Data repository scanning in 61 ms. Found 9 JPA repository interfaces.
2025-10-29 23:35:50.161 [Test worker] INFO  com.zaxxer.hikari.HikariDataSource - HikariPool-1 - Starting...
2025-10-29 23:35:50.450 [Test worker] INFO  com.zaxxer.hikari.pool.HikariPool - HikariPool-1 - Added connection org.postgresql.jdbc.PgConnection@7608a838
2025-10-29 23:35:50.452 [Test worker] INFO  com.zaxxer.hikari.HikariDataSource - HikariPool-1 - Start completed.
2025-10-29 23:35:51.204 [Test worker] INFO  o.s.o.j.p.SpringPersistenceUnitInfo - No LoadTimeWeaver setup: ignoring JPA class transformer
2025-10-29 23:35:51.406 [Test worker] DEBUG o.h.t.d.sql.spi.DdlTypeRegistry - addDescriptor(2003, org.hibernate.type.descriptor.sql.internal.ArrayDdlTypeImpl@577cf459) replaced previous registration(org.hibernate.type.descriptor.sql.internal.ArrayDdlTypeImpl@432eb882)
2025-10-29 23:35:51.406 [Test worker] DEBUG o.h.t.d.sql.spi.DdlTypeRegistry - addDescriptor(6, org.hibernate.type.descriptor.sql.internal.CapacityDependentDdlType@3636f2a7) replaced previous registration(org.hibernate.type.descriptor.sql.internal.DdlTypeImpl@34652065)
2025-10-29 23:35:54.127 [Test worker] INFO  o.s.o.j.LocalContainerEntityManagerFactoryBean - Initialized JPA EntityManagerFactory for persistence unit 'default'
2025-10-29 23:35:54.741 [Test worker] WARN  o.s.b.a.o.j.JpaBaseConfiguration$JpaWebConfiguration - spring.jpa.open-in-view is enabled by default. Therefore, database queries may be performed during view rendering. Explicitly configure spring.jpa.open-in-view to disable this warning
2025-10-29 23:35:54.789 [Test worker] INFO  o.s.b.a.w.s.WelcomePageHandlerMapping - Adding welcome page template: index
2025-10-29 23:35:55.167 [Test worker] INFO  o.s.s.c.a.a.c.InitializeUserDetailsBeanManagerConfigurer$InitializeUserDetailsManagerConfigurer - Global AuthenticationManager configured with UserDetailsService bean with name userDetailsServiceImpl
2025-10-29 23:35:56.204 [Test worker] INFO  o.s.b.t.m.w.SpringBootMockServletContext - Initializing Spring TestDispatcherServlet ''
2025-10-29 23:35:56.205 [Test worker] INFO  o.s.t.w.s.TestDispatcherServlet - Initializing Servlet ''
2025-10-29 23:35:56.208 [Test worker] INFO  o.s.t.w.s.TestDispatcherServlet - Completed initialization in 3 ms
2025-10-29 23:35:56.254 [Test worker] INFO  c.t.d.r.c.ReservaControllerTest - Started ReservaControllerTest in 7.799 seconds (process running for 9.04)
2025-10-29 23:35:56.528 [Test worker] DEBUG org.hibernate.SQL - 
    select
        u1_0.id_usuario,
        u1_0.activo,
        u1_0.apellidos,
        u1_0.email,
        u1_0.fecha_registro,
        u1_0.nombres,
        u1_0.password,
        u1_0.rol,
        u1_0.telefono 
    from
        usuarios u1_0 
    where
        u1_0.email=?
2025-10-29 23:35:56.621 [Test worker] DEBUG org.hibernate.SQL - 
    select
        u1_0.id_usuario,
        u1_0.activo,
        u1_0.apellidos,
        u1_0.email,
        u1_0.fecha_registro,
        u1_0.nombres,
        u1_0.password,
        u1_0.rol,
        u1_0.telefono 
    from
        usuarios u1_0 
    where
        u1_0.email=?
2025-10-29 23:35:56.642 [Test worker] DEBUG org.hibernate.SQL - 
    select
        u1_0.id_usuario,
        u1_0.activo,
        u1_0.apellidos,
        u1_0.email,
        u1_0.fecha_registro,
        u1_0.nombres,
        u1_0.password,
        u1_0.rol,
        u1_0.telefono 
    from
        usuarios u1_0 
    where
        u1_0.email=?
2025-10-29 23:35:57.134 [Test worker] DEBUG org.hibernate.SQL - 
    select
        count(*) 
    from
        servicio s1_0
2025-10-29 23:35:57.144 [Test worker] DEBUG org.hibernate.SQL - 
    select
        s1_0.id_servicio,
        s1_0.activo,
        s1_0.created_at,
        s1_0.descripcion,
        s1_0.destino,
        s1_0.disponibilidad,
        s1_0.nombre,
        s1_0.origen,
        s1_0.precio_base,
        s1_0.id_proveedor,
        s1_0.tags,
        s1_0.tipo_servicio 
    from
        servicio s1_0 
    where
        s1_0.nombre=?
2025-10-29 23:35:57.166 [Test worker] DEBUG org.hibernate.SQL - 
    select
        count(*) 
    from
        reserva r1_0
2025-10-29 23:35:58.183 [Test worker] DEBUG org.hibernate.SQL - 
    select
        u1_0.id_usuario,
        u1_0.activo,
        u1_0.apellidos,
        u1_0.email,
        u1_0.fecha_registro,
        u1_0.nombres,
        u1_0.password,
        u1_0.rol,
        u1_0.telefono 
    from
        usuarios u1_0 
    where
        u1_0.email=?
2025-10-29 23:35:58.298 [Test worker] DEBUG org.hibernate.SQL - 
    select
        u1_0.id_usuario,
        u1_0.activo,
        u1_0.apellidos,
        u1_0.email,
        u1_0.fecha_registro,
        u1_0.nombres,
        u1_0.password,
        u1_0.rol,
        u1_0.telefono 
    from
        usuarios u1_0 
    where
        u1_0.email=?
2025-10-29 23:35:58.333 [Test worker] DEBUG org.hibernate.SQL - 
    select
        r1_0.id_reserva,
        r1_0.created_at,
        r1_0.estado,
        r1_0.fecha_fin,
        r1_0.fecha_inicio,
        r1_0.moneda,
        r1_0.observaciones,
        r1_0.total,
        r1_0.updated_at,
        r1_0.id_usuario 
    from
        reserva r1_0 
    where
        r1_0.id_usuario=? 
    order by
        r1_0.created_at desc
2025-10-29 23:35:58.349 [Test worker] DEBUG org.hibernate.SQL - 
    select
        dr1_0.id_reserva,
        dr1_0.id_detalle_reserva,
        dr1_0.cantidad,
        dr1_0.created_at,
        dr1_0.precio_unitario,
        dr1_0.id_servicio,
        dr1_0.subtotal 
    from
        detalle_reserva dr1_0 
    where
        dr1_0.id_reserva=?
2025-10-29 23:35:58.360 [Test worker] DEBUG org.hibernate.SQL - 
    select
        dr1_0.id_reserva,
        dr1_0.id_detalle_reserva,
        dr1_0.cantidad,
        dr1_0.created_at,
        dr1_0.precio_unitario,
        dr1_0.id_servicio,
        dr1_0.subtotal 
    from
        detalle_reserva dr1_0 
    where
        dr1_0.id_reserva=?
2025-10-29 23:35:59.136 [Test worker] DEBUG org.hibernate.SQL - 
    select
        s1_0.id_servicio,
        s1_0.activo,
        s1_0.created_at,
        s1_0.descripcion,
        s1_0.destino,
        s1_0.disponibilidad,
        s1_0.nombre,
        s1_0.origen,
        s1_0.precio_base,
        s1_0.id_proveedor,
        s1_0.tags,
        s1_0.tipo_servicio 
    from
        servicio s1_0 
    where
        s1_0.id_servicio=?
2025-10-29 23:35:59.203 [Test worker] DEBUG org.hibernate.SQL - 
    select
        s1_0.id_servicio,
        s1_0.activo,
        s1_0.created_at,
        s1_0.descripcion,
        s1_0.destino,
        s1_0.disponibilidad,
        s1_0.nombre,
        s1_0.origen,
        s1_0.precio_base,
        s1_0.id_proveedor,
        s1_0.tags,
        s1_0.tipo_servicio 
    from
        servicio s1_0 
    where
        s1_0.id_servicio=?
2025-10-29 23:35:59.260 [SpringApplicationShutdownHook] INFO  o.s.o.j.LocalContainerEntityManagerFactoryBean - Closing JPA EntityManagerFactory for persistence unit 'default'
2025-10-29 23:35:59.262 [SpringApplicationShutdownHook] INFO  com.zaxxer.hikari.HikariDataSource - HikariPool-1 - Shutdown initiated...
2025-10-29 23:35:59.266 [SpringApplicationShutdownHook] INFO  com.zaxxer.hikari.HikariDataSource - HikariPool-1 - Shutdown completed.
2025-10-29 23:37:31.152 [Test worker] INFO  c.t.d.r.c.ReservaControllerTest - Starting ReservaControllerTest using Java 21.0.7 with PID 22620 (started by LENOVO in C:\Users\LENOVO\Documents\utp\ciclo7\integrador\demo (1)\demo)
2025-10-29 23:37:31.153 [Test worker] DEBUG c.t.d.r.c.ReservaControllerTest - Running with Spring Boot v3.5.6, Spring v6.2.11
2025-10-29 23:37:31.154 [Test worker] INFO  c.t.d.r.c.ReservaControllerTest - No active profile set, falling back to 1 default profile: "default"
2025-10-29 23:37:31.861 [Test worker] INFO  o.s.d.r.c.RepositoryConfigurationDelegate - Bootstrapping Spring Data JPA repositories in DEFAULT mode.
2025-10-29 23:37:31.938 [Test worker] INFO  o.s.d.r.c.RepositoryConfigurationDelegate - Finished Spring Data repository scanning in 65 ms. Found 9 JPA repository interfaces.
2025-10-29 23:37:32.573 [Test worker] INFO  com.zaxxer.hikari.HikariDataSource - HikariPool-1 - Starting...
2025-10-29 23:37:32.767 [Test worker] INFO  com.zaxxer.hikari.pool.HikariPool - HikariPool-1 - Added connection org.postgresql.jdbc.PgConnection@7608a838
2025-10-29 23:37:32.768 [Test worker] INFO  com.zaxxer.hikari.HikariDataSource - HikariPool-1 - Start completed.
2025-10-29 23:37:33.369 [Test worker] INFO  o.s.o.j.p.SpringPersistenceUnitInfo - No LoadTimeWeaver setup: ignoring JPA class transformer
2025-10-29 23:37:33.498 [Test worker] DEBUG o.h.t.d.sql.spi.DdlTypeRegistry - addDescriptor(2003, org.hibernate.type.descriptor.sql.internal.ArrayDdlTypeImpl@24842b8e) replaced previous registration(org.hibernate.type.descriptor.sql.internal.ArrayDdlTypeImpl@146add7b)
2025-10-29 23:37:33.498 [Test worker] DEBUG o.h.t.d.sql.spi.DdlTypeRegistry - addDescriptor(6, org.hibernate.type.descriptor.sql.internal.CapacityDependentDdlType@56d5460f) replaced previous registration(org.hibernate.type.descriptor.sql.internal.DdlTypeImpl@57f725b8)
2025-10-29 23:37:35.086 [Test worker] INFO  o.s.o.j.LocalContainerEntityManagerFactoryBean - Initialized JPA EntityManagerFactory for persistence unit 'default'
2025-10-29 23:37:35.611 [Test worker] WARN  o.s.b.a.o.j.JpaBaseConfiguration$JpaWebConfiguration - spring.jpa.open-in-view is enabled by default. Therefore, database queries may be performed during view rendering. Explicitly configure spring.jpa.open-in-view to disable this warning
2025-10-29 23:37:35.649 [Test worker] INFO  o.s.b.a.w.s.WelcomePageHandlerMapping - Adding welcome page template: index
2025-10-29 23:37:35.911 [Test worker] INFO  o.s.s.c.a.a.c.InitializeUserDetailsBeanManagerConfigurer$InitializeUserDetailsManagerConfigurer - Global AuthenticationManager configured with UserDetailsService bean with name userDetailsServiceImpl
2025-10-29 23:37:36.727 [Test worker] INFO  o.s.b.t.m.w.SpringBootMockServletContext - Initializing Spring TestDispatcherServlet ''
2025-10-29 23:37:36.728 [Test worker] INFO  o.s.t.w.s.TestDispatcherServlet - Initializing Servlet ''
2025-10-29 23:37:36.730 [Test worker] INFO  o.s.t.w.s.TestDispatcherServlet - Completed initialization in 2 ms
2025-10-29 23:37:36.774 [Test worker] INFO  c.t.d.r.c.ReservaControllerTest - Started ReservaControllerTest in 5.999 seconds (process running for 7.142)
2025-10-29 23:37:37.061 [Test worker] DEBUG org.hibernate.SQL - 
    select
        u1_0.id_usuario,
        u1_0.activo,
        u1_0.apellidos,
        u1_0.email,
        u1_0.fecha_registro,
        u1_0.nombres,
        u1_0.password,
        u1_0.rol,
        u1_0.telefono 
    from
        usuarios u1_0 
    where
        u1_0.email=?
2025-10-29 23:37:37.147 [Test worker] DEBUG org.hibernate.SQL - 
    select
        u1_0.id_usuario,
        u1_0.activo,
        u1_0.apellidos,
        u1_0.email,
        u1_0.fecha_registro,
        u1_0.nombres,
        u1_0.password,
        u1_0.rol,
        u1_0.telefono 
    from
        usuarios u1_0 
    where
        u1_0.email=?
2025-10-29 23:37:37.155 [Test worker] DEBUG org.hibernate.SQL - 
    select
        u1_0.id_usuario,
        u1_0.activo,
        u1_0.apellidos,
        u1_0.email,
        u1_0.fecha_registro,
        u1_0.nombres,
        u1_0.password,
        u1_0.rol,
        u1_0.telefono 
    from
        usuarios u1_0 
    where
        u1_0.email=?
2025-10-29 23:37:37.643 [Test worker] DEBUG org.hibernate.SQL - 
    select
        count(*) 
    from
        servicio s1_0
2025-10-29 23:37:37.652 [Test worker] DEBUG org.hibernate.SQL - 
    select
        s1_0.id_servicio,
        s1_0.activo,
        s1_0.created_at,
        s1_0.descripcion,
        s1_0.destino,
        s1_0.disponibilidad,
        s1_0.nombre,
        s1_0.origen,
        s1_0.precio_base,
        s1_0.id_proveedor,
        s1_0.tags,
        s1_0.tipo_servicio 
    from
        servicio s1_0 
    where
        s1_0.nombre=?
2025-10-29 23:37:37.668 [Test worker] DEBUG org.hibernate.SQL - 
    select
        count(*) 
    from
        reserva r1_0
2025-10-29 23:37:38.235 [Test worker] DEBUG org.hibernate.SQL - 
    select
        u1_0.id_usuario,
        u1_0.activo,
        u1_0.apellidos,
        u1_0.email,
        u1_0.fecha_registro,
        u1_0.nombres,
        u1_0.password,
        u1_0.rol,
        u1_0.telefono 
    from
        usuarios u1_0 
    where
        u1_0.email=?
2025-10-29 23:37:38.248 [Test worker] DEBUG org.hibernate.SQL - 
    select
        r1_0.id_reserva,
        r1_0.created_at,
        r1_0.estado,
        r1_0.fecha_fin,
        r1_0.fecha_inicio,
        r1_0.moneda,
        r1_0.observaciones,
        r1_0.total,
        r1_0.updated_at,
        r1_0.id_usuario 
    from
        reserva r1_0 
    where
        r1_0.id_usuario=? 
    order by
        r1_0.created_at desc
2025-10-29 23:37:38.772 [Test worker] DEBUG org.hibernate.SQL - 
    select
        u1_0.id_usuario,
        u1_0.activo,
        u1_0.apellidos,
        u1_0.email,
        u1_0.fecha_registro,
        u1_0.nombres,
        u1_0.password,
        u1_0.rol,
        u1_0.telefono 
    from
        usuarios u1_0 
    where
        u1_0.email=?
2025-10-29 23:37:38.779 [Test worker] DEBUG org.hibernate.SQL - 
    select
        r1_0.id_reserva,
        r1_0.created_at,
        r1_0.estado,
        r1_0.fecha_fin,
        r1_0.fecha_inicio,
        r1_0.moneda,
        r1_0.observaciones,
        r1_0.total,
        r1_0.updated_at,
        r1_0.id_usuario 
    from
        reserva r1_0 
    where
        r1_0.id_usuario=? 
    order by
        r1_0.created_at desc
2025-10-29 23:37:38.786 [Test worker] DEBUG org.hibernate.SQL - 
    select
        dr1_0.id_reserva,
        dr1_0.id_detalle_reserva,
        dr1_0.cantidad,
        dr1_0.created_at,
        dr1_0.precio_unitario,
        dr1_0.id_servicio,
        dr1_0.subtotal 
    from
        detalle_reserva dr1_0 
    where
        dr1_0.id_reserva=?
2025-10-29 23:37:38.792 [Test worker] DEBUG org.hibernate.SQL - 
    select
        dr1_0.id_reserva,
        dr1_0.id_detalle_reserva,
        dr1_0.cantidad,
        dr1_0.created_at,
        dr1_0.precio_unitario,
        dr1_0.id_servicio,
        dr1_0.subtotal 
    from
        detalle_reserva dr1_0 
    where
        dr1_0.id_reserva=?
2025-10-29 23:37:38.816 [Test worker] DEBUG org.hibernate.SQL - 
    select
        s1_0.id_servicio,
        s1_0.activo,
        s1_0.created_at,
        s1_0.descripcion,
        s1_0.destino,
        s1_0.disponibilidad,
        s1_0.nombre,
        s1_0.origen,
        s1_0.precio_base,
        s1_0.id_proveedor,
        s1_0.tags,
        s1_0.tipo_servicio 
    from
        servicio s1_0 
    where
        s1_0.id_servicio=?
2025-10-29 23:37:38.860 [Test worker] DEBUG org.hibernate.SQL - 
    select
        s1_0.id_servicio,
        s1_0.activo,
        s1_0.created_at,
        s1_0.descripcion,
        s1_0.destino,
        s1_0.disponibilidad,
        s1_0.nombre,
        s1_0.origen,
        s1_0.precio_base,
        s1_0.id_proveedor,
        s1_0.tags,
        s1_0.tipo_servicio 
    from
        servicio s1_0 
    where
        s1_0.id_servicio=?
2025-10-29 23:37:38.893 [SpringApplicationShutdownHook] INFO  o.s.o.j.LocalContainerEntityManagerFactoryBean - Closing JPA EntityManagerFactory for persistence unit 'default'
2025-10-29 23:37:38.896 [SpringApplicationShutdownHook] INFO  com.zaxxer.hikari.HikariDataSource - HikariPool-1 - Shutdown initiated...
2025-10-29 23:37:38.908 [SpringApplicationShutdownHook] INFO  com.zaxxer.hikari.HikariDataSource - HikariPool-1 - Shutdown completed.
